Mon 14 May 15:10:25 BST 2018
============================

- Initial HTTP transport.

configure.ac
configure
doc/omniORB.pdf
doc/omniORB/index.html
doc/omniORB/omniORB.html
doc/omniORB/omniORB002.html
doc/omniORB/omniORB006.html
doc/omniORB/omniORB007.html
doc/omniORB/omniORB008.html
doc/omniORB/omniORB009.html
doc/omniORB/omniORB010.html
doc/omniORB/omniORB011.html
doc/omniORB/omniORB012.html
doc/omniORB/omniORB013.html
doc/omniORB/omniORB014.html
doc/omniORB/omniORB015.html
doc/omniORB/omniORB016.html
doc/tex/omniORB.tex
include/omniORB4/GNUmakefile.in
include/omniORB4/IOP.h
include/omniORB4/httpContext.h
include/omniORB4/internal/tcpSocket.h
include/omniORB4/minorCode.h
include/omniORB4/omniIOR.h
include/omniORB4/omniURI.h
mk/beforeauto.mk.in
mk/win32.mk
sample.cfg
src/appl/utils/catior/catior.cc
src/lib/omniORB/orbcore/codeSets.cc
src/lib/omniORB/orbcore/constants.cc
src/lib/omniORB/orbcore/dir.mk
src/lib/omniORB/orbcore/http
src/lib/omniORB/orbcore/http/GNUmakefile.in
src/lib/omniORB/orbcore/http/GNUmakefile
src/lib/omniORB/orbcore/http/dir.mk
src/lib/omniORB/orbcore/http/httpActive.cc
src/lib/omniORB/orbcore/http/httpAddress.cc
src/lib/omniORB/orbcore/http/httpAddress.h
src/lib/omniORB/orbcore/http/httpConnection.cc
src/lib/omniORB/orbcore/http/httpConnection.h
src/lib/omniORB/orbcore/http/httpContext.cc
src/lib/omniORB/orbcore/http/httpEndpoint.cc
src/lib/omniORB/orbcore/http/httpEndpoint.h
src/lib/omniORB/orbcore/http/httpTransportImpl.cc
src/lib/omniORB/orbcore/http/httpTransportImpl.h
src/lib/omniORB/orbcore/ior.cc
src/lib/omniORB/orbcore/tcpSocket.cc
src/lib/omniORB/orbcore/uri.cc


Fri 11 May 12:51:29 BST 2018
============================

- Cleaner SSL context; logging tweaks.

configure.ac
configure
include/omniORB4/CORBA_sysdep_trad.h
include/omniORB4/acconfig.h.in
include/omniORB4/omniORB.h
include/omniORB4/sslContext.h
sample.cfg
src/lib/omniORB/orbcore/logIOstream.cc
src/lib/omniORB/orbcore/ssl/sslAddress.cc
src/lib/omniORB/orbcore/ssl/sslConnection.cc
src/lib/omniORB/orbcore/ssl/sslConnection.h
src/lib/omniORB/orbcore/ssl/sslContext.cc
src/lib/omniORB/orbcore/ssl/sslEndpoint.cc
src/lib/omniORB/orbcore/ssl/sslTransportImpl.cc
src/lib/omniORB/orbcore/ssl/sslTransportImpl.h


Fri 11 May 12:18:05 BST 2018
============================

- Doc version updates.

doc/omniORB.pdf
doc/omniORB/index.html
doc/omniORB/omniORB.html
doc/omniORB/omniORB001.html
doc/omniORB/omniORB002.html
doc/omniORB/omniORB003.html
doc/omniORB/omniORB004.html
doc/omniORB/omniORB005.html
doc/omniORB/omniORB006.html
doc/omniORB/omniORB007.html
doc/omniORB/omniORB008.html
doc/omniORB/omniORB009.html
doc/omniORB/omniORB010.html
doc/omniORB/omniORB011.html
doc/omniORB/omniORB012.html
doc/omniORB/omniORB013.html
doc/omniORB/omniORB014.html
doc/omniORB/omniORB015.html
doc/omniORB/omniORB016.html
doc/tex/omniORB.tex


Tue  8 May 18:13:36 BST 2018
============================

- PyPy support.

mk/python.mk
src/tool/omniidl/cxx/idlpython.cc


Thu 26 Apr 15:59:08 BST 2018
============================

- Update library version symbols.

include/omniORB4/omniInternal.h
src/lib/omniORB/dynamic/constants.cc
src/lib/omniORB/orbcore/constants.cc
src/lib/omniORB/python/omniidl_be/cxx/config.py
src/lib/omniORB/python/omniidl_be/cxx/skel/template.py
src/lib/omniORB/python3/omniidl_be/cxx/config.py
src/lib/omniORB/python3/omniidl_be/cxx/skel/template.py


Wed 18 Apr 18:46:35 BST 2018
============================

- Remove throw specifications from options.

include/omniORB4/internal/orbOptions.h
src/lib/omniORB/orbcore/codeSets.cc
src/lib/omniORB/orbcore/corbaOrb.cc
src/lib/omniORB/orbcore/cs-UTF-8.cc
src/lib/omniORB/orbcore/current.cc
src/lib/omniORB/orbcore/dynamicLib.cc
src/lib/omniORB/orbcore/giopBiDir.cc
src/lib/omniORB/orbcore/giopEndpoint.cc
src/lib/omniORB/orbcore/giopRope.cc
src/lib/omniORB/orbcore/giopServer.cc
src/lib/omniORB/orbcore/giopStrand.cc
src/lib/omniORB/orbcore/giopStreamImpl.cc
src/lib/omniORB/orbcore/initRefs.cc
src/lib/omniORB/orbcore/invoker.cc
src/lib/omniORB/orbcore/objectAdapter.cc
src/lib/omniORB/orbcore/omniInternal.cc
src/lib/omniORB/orbcore/omniObjRef.cc
src/lib/omniORB/orbcore/omniTransport.cc
src/lib/omniORB/orbcore/orbOptions.cc
src/lib/omniORB/orbcore/orbOptionsFile.cc
src/lib/omniORB/orbcore/orbOptionsReg.cc
src/lib/omniORB/orbcore/poa.cc
src/lib/omniORB/orbcore/ssl/sslTransportImpl.cc
src/lib/omniORB/orbcore/transportRules.cc


Wed 18 Apr 18:26:27 BST 2018
============================

- Support vast messages (merge from trunk).

include/omniORB4/CORBA_sysdep.h
include/omniORB4/cdrStream.h
include/omniORB4/internal/giopStream.h
include/omniORB4/internal/giopStreamImpl.h
include/omniORB4/internal/orbOptions.h
include/omniORB4/internal/orbParameters.h
include/omniORB4/internal/typecode.h
include/omniORB4/internal/valueTrackerImpl.h
include/omniORB4/omniInternal.h
src/lib/omniORB/dynamic/typecode.cc
src/lib/omniORB/dynamic/valueTracker.cc
src/lib/omniORB/dynamic/valueType.cc
src/lib/omniORB/orbcore/cdrMemoryStream.cc
src/lib/omniORB/orbcore/cdrStreamAdapter.cc
src/lib/omniORB/orbcore/cdrValueChunkStream.cc
src/lib/omniORB/orbcore/giopImpl10.cc
src/lib/omniORB/orbcore/giopImpl11.cc
src/lib/omniORB/orbcore/giopImpl12.cc
src/lib/omniORB/orbcore/giopStream.cc
src/lib/omniORB/orbcore/giopStreamImpl.cc
src/lib/omniORB/orbcore/orbOptions.cc


Wed 18 Apr 18:21:21 BST 2018
============================

- Start of the omniORB 4.3 development branch.

README.FIRST.txt
ReleaseNotes.txt
configure.ac
configure
contrib/RPMs/omniORB.spec
mk/version.mk
