Fri 11 May 12:18:05 BST 2018
============================

- Doc version updates.

doc/omniORBpy.pdf
doc/omniORBpy/index.html
doc/omniORBpy/omniORBpy.html
doc/omniORBpy/omniORBpy001.html
doc/omniORBpy/omniORBpy002.html
doc/omniORBpy/omniORBpy003.html
doc/omniORBpy/omniORBpy004.html
doc/omniORBpy/omniORBpy005.html
doc/omniORBpy/omniORBpy006.html
doc/omniORBpy/omniORBpy007.html
doc/omniORBpy/omniORBpy008.html
doc/omniORBpy/omniORBpy009.html
doc/omniORBpy/omniORBpy010.html
doc/omniORBpy/omniORBpy011.html
doc/omniORBpy/omniORBpy012.html
doc/omniORBpy/omniORBpy013.html
doc/tex/omniORBpy.tex

- Python 3 C++ API instructions.

include/omniORBpy.h


Tue  8 May 18:13:36 BST 2018
============================

- PyPy support.

examples/tests/tclient.py
mk/python.mk
modules/omnipy.h
modules/pyThreadCache.h
modules/pyTypeCode.cc


Wed 18 Apr 18:26:27 BST 2018
============================

- Support vast messages (merge from trunk).

modules/omnipy_sysdep.h
modules/pyTypeCode.cc
modules/pyValueType.cc


Wed 18 Apr 18:21:21 BST 2018
============================

- Start of the omniORB 4.3 development branch.

README.txt
ReleaseNotes.txt
configure.ac
configure
contrib/RPMs/omniORBpy.spec
mk/version.mk
