Wed 27 Jul 10:53:43 BST 2022
============================

- Rearrangement of directory structure.

tests/omniorb
tests/orbacus
legacy/...


Wed 27 Jul 10:22:29 BST 2022
============================

- Updates for modern compiler versions.

att/testsuite/basic_tests/attrObjRefclt.cc
att/testsuite/basic_tests/multiEcho_i.cc
att/testsuite/basic_tests/nullecho.cc
att/testsuite/basic_tests/tiesrv.cc
att/testsuite/basic_tests/tstexcept_i.cc
att/testsuite/dynany/t_dynany.cc
att/testsuite/exchandlers/server.cc
att/testsuite/giopTests/fragClient.cc
att/testsuite/mk/omniorb.mk
att/testsuite/ssl_tests/fragClient.cc
att/testsuite/ssl_tests/fragClient2.cc
att/testsuite/ssl_tests/fragServer.cc
att/testsuite/ssl_tests/limitClient1.cc
att/testsuite/timeout_tests/client1.cc
att/testsuite/timeout_tests/client2.cc
att/testsuite/userexceptions/ssiserver.cc

- In-date certificates from omniORB examples.

att/testsuite/ssl_tests/client.pem
att/testsuite/ssl_tests/root.pem
att/testsuite/ssl_tests/server.pem

- Python 3 required for testing scripts.

att/testsuite/scripts/README
att/testsuite/scripts/TestSuite.idl
att/testsuite/scripts/execcomm.py
att/testsuite/scripts/local-executor.py
att/testsuite/scripts/ppopen.py
att/testsuite/scripts/remote-executor.py
att/testsuite/scripts/test-controller.py
att/testsuite/scripts/testconf.py


Wed 27 Jul 10:18:53 BST 2022
============================

- Remove throw clauses.

iona/orbacus/cpp/ <all files>


Wed Mar 30 11:56:48 BST 2016 dgrisby
====================================

- New isipv6addr tests.

att/testsuite/basic_tests/GNUmakefile
att/testsuite/basic_tests/TEST_CONFIG
att/testsuite/basic_tests/dir.mk
att/testsuite/basic_tests/ipv6addr.cc
att/testsuite/common/omnitest.cc


Mon  6 Jan 11:31:24 GMT 2014 dgrisby
====================================

- Updates for omniORB 4.2.

att/testsuite/GNUmakefile
att/testsuite/colocated_tests/server.cc
att/testsuite/mk/omniorb.mk
att/testsuite/scripts/test-controller.py
att/testsuite/ssl_tests/GNUmakefile
att/testsuite/ssl_tests/TEST_CONFIG
att/testsuite/ssl_tests/client.pem
att/testsuite/ssl_tests/fragClient.cc
att/testsuite/ssl_tests/fragClient2.cc
att/testsuite/ssl_tests/limitClient1.cc
att/testsuite/ssl_tests/root.pem
att/testsuite/ssl_tests/server.pem
att/testsuite/timeout_tests/client1.cc
att/testsuite/timeout_tests/client2.cc
iona/orbacus/cpp/config/Make.rules.all
iona/orbacus/cpp/runtest


Fri Feb  8 22:32:33 GMT 2013 dgrisby
====================================

- Remove local omnithread.

att/testsuite/common/GNUmakefile
att/testsuite/common/dir.mk
att/testsuite/common/omnithread.h
att/testsuite/common/omnithread
att/testsuite/common/omnithread/nt.cc
att/testsuite/common/omnithread/nt.h
att/testsuite/common/omnithread/posix.cc
att/testsuite/common/omnithread/posix.h
att/testsuite/common/omnithread/threaddata.cc

- Clear context after use.

iona/orbacus/cpp/main/TestObjectContext.cpp


Thu Feb 17 12:26:25 GMT 2011 dgrisby
====================================

- Update for modern compilers.

att/testsuite/basic_tests/conclt.cc
att/testsuite/common/omnitest.cc
att/testsuite/dii/multidii.cc
att/testsuite/giopTests/bidirServer.cc
att/testsuite/giopTests/bidirServer2.cc
att/testsuite/giopTests/nestedCallClient.cc
att/testsuite/timeout_tests/client2.cc
att/testsuite/timeout_tests/client3.cc
att/testsuite/timeout_tests/client4.cc


Thu Feb 17 10:39:40 GMT 2011 dgrisby
====================================

- Config update.

att/testsuite/mk/omniorb.mk


Thu Feb 17 10:12:01 GMT 2011 dgrisby
====================================

- Updates for C++ standard.

att/testsuite/anySeqTest/client.cc
att/testsuite/anySeqTest/server.cc
att/testsuite/anyStructTest/anyParse.cc
att/testsuite/anyStructTest/anyStructTest_i.cc
att/testsuite/anyStructTest/testAnyClient.cc
att/testsuite/anyTest/basic.cc
att/testsuite/anyTest/sequence.cc
att/testsuite/anyTest/server.cc
att/testsuite/anyUnionTest/anyParse.cc
att/testsuite/anyUnionTest/anyUnionTest_i.cc
att/testsuite/anyUnionTest/testAnyClient.cc
att/testsuite/basic_tests/attrEcho_i.cc
att/testsuite/basic_tests/attrEchoclt.cc
att/testsuite/basic_tests/attrObjRef_i.cc
att/testsuite/basic_tests/attrObjRefclt.cc
att/testsuite/basic_tests/conclt.cc
att/testsuite/basic_tests/consrv.cc
att/testsuite/basic_tests/derivedEcho_i.cc
att/testsuite/basic_tests/derivedEchoclt.cc
att/testsuite/basic_tests/echoLongclt.cc
att/testsuite/basic_tests/echoclt.cc
att/testsuite/basic_tests/multiEcho_i.cc
att/testsuite/basic_tests/multiEchoclt.cc
att/testsuite/basic_tests/multitiesrc.cc
att/testsuite/basic_tests/nullecho.cc
att/testsuite/basic_tests/refp_i.cc
att/testsuite/basic_tests/refpclt.cc
att/testsuite/basic_tests/seqEcho_i.cc
att/testsuite/basic_tests/seqEchoclt.cc
att/testsuite/basic_tests/tiesrv.cc
att/testsuite/basic_tests/tstexceptclt.cc
att/testsuite/colocated_tests/client.cc
att/testsuite/colocated_tests/server.cc
att/testsuite/common/common.h
att/testsuite/common/nameUtils.cc
att/testsuite/common/omnitest.cc
att/testsuite/common/omnitest.h
att/testsuite/conclt.cc
att/testsuite/custom/relay.cc
att/testsuite/custom/relay2.cc
att/testsuite/custom/target.cc
att/testsuite/dii/deferclt.cc
att/testsuite/dii/dii.cc
att/testsuite/dii/multidii.cc
att/testsuite/dii/sii.cc
att/testsuite/dii/sngladdrsp.cc
att/testsuite/dii/ssi_impl.cc
att/testsuite/dsi/dynimpl.cc
att/testsuite/dynany/server.cc
att/testsuite/dynany/t_clntseq.cc
att/testsuite/dynany/t_dynany.cc
att/testsuite/dynany/t_dynarray.cc
att/testsuite/dynany/t_dynenum.cc
att/testsuite/dynany/t_dynsequence.cc
att/testsuite/dynany/t_dynstruct.cc
att/testsuite/dynany/t_dynunion.cc
att/testsuite/exchandlers/client1.cc
att/testsuite/exchandlers/client2.cc
att/testsuite/exchandlers/client3.cc
att/testsuite/exchandlers/server.cc
att/testsuite/forwarding/colocated.cc
att/testsuite/forwarding/myechosrv.cc
att/testsuite/forwarding/myechosrv
att/testsuite/forwarding/tombstone.cc
att/testsuite/giopTests/bidirServer2.cc
att/testsuite/giopTests/fragClient.cc
att/testsuite/giopTests/fragClient2.cc
att/testsuite/giopTests/fragServer.cc
att/testsuite/giopTests/fragServer2.cc
att/testsuite/giopTests/fragtest_i.cc
att/testsuite/giopTests/limitClient1.cc
att/testsuite/giopTests/nestedCallClient.cc
att/testsuite/inheritance_tests/client/client.cc
att/testsuite/inheritance_tests/server/server.cc
att/testsuite/mk/omniorb.mk
att/testsuite/poa_tests/servant_activator.cc
att/testsuite/psuedo_tests/client.cc
att/testsuite/psuedo_tests/server.cc
att/testsuite/scripts/remote-executor.py
att/testsuite/scripts/test-controller.py
att/testsuite/scripts/testconf.py
att/testsuite/scripts/testhosts.conf
att/testsuite/seq_tests/client.cc
att/testsuite/seq_tests/server.cc
att/testsuite/seq_tests/t_objref.cc
att/testsuite/seq_tests/t_seq_array.cc
att/testsuite/seq_tests/t_seq_long.cc
att/testsuite/seq_tests/t_seq_objref.cc
att/testsuite/seq_tests/t_seq_string.cc
att/testsuite/seq_tests/t_seq_struct.cc
att/testsuite/seq_tests/t_sequence.cc
att/testsuite/seq_tests/t_string.cc
att/testsuite/ssl_tests/fragServer.cc
att/testsuite/sysexceptions/client.cc
att/testsuite/sysexceptions/dsiserver.cc
att/testsuite/sysexceptions/server.cc
att/testsuite/timeout_tests/TEST_CONFIG
att/testsuite/timeout_tests/server1.cc
att/testsuite/timeout_tests/server2.cc
att/testsuite/typecodeTest/tcClient.cc
att/testsuite/typecodeTest/tcServer.cc
att/testsuite/typecodeTest/typecodeParse.cc
att/testsuite/typecodeTest/typecodeTest_i.cc
att/testsuite/userexceptions/client.cc
att/testsuite/userexceptions/downcast.cc
att/testsuite/userexceptions/dsiserver.cc
att/testsuite/userexceptions/exceptions.cc
att/testsuite/userexceptions/server.cc
att/testsuite/userexceptions/ssiserver.cc
att/testsuite/var_tests/array_var.cc
att/testsuite/var_tests/objref_var.cc
att/testsuite/var_tests/seq_var.cc
att/testsuite/var_tests/str_var.cc
att/testsuite/var_tests/string_var.cc
att/testsuite/var_tests/struct_var.cc
att/testsuite/var_tests/union_var.cc
iona/orbacus/cpp/config/Make.rules.omniorb


Fri Dec 30 15:39:41 GMT 2005 dgrisby
====================================

- Necessary header file had .hh extension so got missed out.

att/testsuite/dii/sngladdrsp.cc
att/testsuite/dii/ssi.cc
att/testsuite/dii/ssi_impl.cc
att/testsuite/dii/ssi_impl.h     -- new


Fri Apr  8 18:48:37 BST 2005 dgrisby
====================================

- Accumulated updates to AT&T and ORBacus tests.

att/testsuite/GNUmakefile
att/testsuite/dir.mk
att/testsuite/update.log
att/testsuite/mk/omniorb.mk
att/testsuite/seq_tests/dir.mk
att/testsuite/seq_tests/t_string.cc
iona/orbacus/cpp/Makefile
iona/orbacus/cpp/config/Make.rules.omniorb
iona/orbacus/cpp/include/TestMacro.h
iona/orbacus/cpp/include/includes.h
iona/orbacus/cpp/main/Client.cpp
iona/orbacus/cpp/main/ClientMain.cpp
iona/orbacus/cpp/main/CollocatedMain.cpp
iona/orbacus/cpp/main/Makefile
iona/orbacus/cpp/main/ServerMain.cpp
iona/orbacus/cpp/main/TestIntfBasicDSI_impl.cpp
iona/orbacus/cpp/main/TestObjectBasic.cpp
iona/orbacus/cpp/obv/Client.cpp
iona/orbacus/cpp/obv/ClientMain.cpp
iona/orbacus/cpp/obv/Factories.cpp
iona/orbacus/cpp/obv/Factories.h
iona/orbacus/cpp/obv/Makefile
iona/orbacus/cpp/obv/Server.cpp
iona/orbacus/cpp/obv/ServerMain.cpp
iona/orbacus/cpp/obv/TestCustom_impl.cpp
iona/orbacus/cpp/obv/TestCustom_impl.h
iona/orbacus/cpp/obv/TestNode_impl.cpp
iona/orbacus/cpp/obv/TestNode_impl.h
iona/orbacus/cpp/obv/TestOBV.idl
iona/orbacus/cpp/obv/TestOBV_impl.cpp
iona/orbacus/cpp/obv/TestOBV_impl.h
iona/orbacus/cpp/obv/TestTrunc_impl.cpp
iona/orbacus/cpp/obv/TestTrunc_impl.h
iona/orbacus/cpp/obv/TestValueAI_impl.cpp
iona/orbacus/cpp/obv/TestValueAI_impl.h
iona/orbacus/cpp/obv/TestValueInterface_impl.cpp
iona/orbacus/cpp/obv/TestValueInterface_impl.h
iona/orbacus/cpp/obv/TestValue_impl.cpp
iona/orbacus/cpp/obv/TestValue_impl.h
iona/orbacus/cpp/pi/ClientMain.cpp
iona/orbacus/cpp/pi/CollocatedMain.cpp
iona/orbacus/cpp/pi/ServerMain.cpp
iona/orbacus/cpp/poa/Makefile
iona/orbacus/cpp/poa/TestActivate.cpp
iona/orbacus/cpp/poa/TestAdapterActivatorServer.cpp
iona/orbacus/cpp/poa/TestClient.cpp
iona/orbacus/cpp/poa/TestCollocated.cpp
iona/orbacus/cpp/poa/TestCreate.cpp
iona/orbacus/cpp/poa/TestDeactivate.cpp
iona/orbacus/cpp/poa/TestDefaultServantServer.cpp
iona/orbacus/cpp/poa/TestDestroy.cpp
iona/orbacus/cpp/poa/TestFind.cpp
iona/orbacus/cpp/poa/TestLocationForwardClient.cpp
iona/orbacus/cpp/poa/TestLocationForwardServer.cpp
iona/orbacus/cpp/poa/TestMisc.cpp
iona/orbacus/cpp/poa/TestMultipleOrbsClient.cpp
iona/orbacus/cpp/poa/TestMultipleOrbsServer.cpp
iona/orbacus/cpp/poa/TestPOAManagerClient.cpp
iona/orbacus/cpp/poa/TestPOAManagerServer.cpp
iona/orbacus/cpp/poa/TestRefCount.cpp
iona/orbacus/cpp/poa/TestRefCountServer.cpp
iona/orbacus/cpp/poa/TestRef_impl.cpp
iona/orbacus/cpp/poa/TestRef_impl.h
iona/orbacus/cpp/poa/TestServantActivatorServer.cpp
iona/orbacus/cpp/poa/TestServantLocatorServer.cpp
iona/orbacus/cpp/poa/runtest
iona/orbacus/cpp/types/TestAny.cpp
iona/orbacus/cpp/types/TestConst.cpp
iona/orbacus/cpp/types/TestDynAny.cpp
iona/orbacus/cpp/types/TestFixed.cpp
iona/orbacus/cpp/types/TestSequence.cpp
iona/orbacus/cpp/types/TestTypeCode.cpp
iona/orbacus/cpp/types/TestUnion.cpp



Fri Apr  8 18:22:01 BST 2005 dgrisby
====================================

- Initial import from old COST source tree.

