Wed 18 Apr 18:46:35 BST 2018
============================

- Remove throw specifications from options.

include/omniORB4/internal/orbOptions.h
src/lib/omniORB/orbcore/codeSets.cc
src/lib/omniORB/orbcore/corbaOrb.cc
src/lib/omniORB/orbcore/cs-UTF-8.cc
src/lib/omniORB/orbcore/current.cc
src/lib/omniORB/orbcore/dynamicLib.cc
src/lib/omniORB/orbcore/giopBiDir.cc
src/lib/omniORB/orbcore/giopEndpoint.cc
src/lib/omniORB/orbcore/giopRope.cc
src/lib/omniORB/orbcore/giopServer.cc
src/lib/omniORB/orbcore/giopStrand.cc
src/lib/omniORB/orbcore/giopStreamImpl.cc
src/lib/omniORB/orbcore/initRefs.cc
src/lib/omniORB/orbcore/invoker.cc
src/lib/omniORB/orbcore/objectAdapter.cc
src/lib/omniORB/orbcore/omniInternal.cc
src/lib/omniORB/orbcore/omniObjRef.cc
src/lib/omniORB/orbcore/omniTransport.cc
src/lib/omniORB/orbcore/orbOptions.cc
src/lib/omniORB/orbcore/orbOptionsFile.cc
src/lib/omniORB/orbcore/orbOptionsReg.cc
src/lib/omniORB/orbcore/poa.cc
src/lib/omniORB/orbcore/ssl/sslTransportImpl.cc
src/lib/omniORB/orbcore/transportRules.cc


Wed 18 Apr 18:26:27 BST 2018
============================

- Support vast messages (merge from trunk).

include/omniORB4/CORBA_sysdep.h
include/omniORB4/cdrStream.h
include/omniORB4/internal/giopStream.h
include/omniORB4/internal/giopStreamImpl.h
include/omniORB4/internal/orbOptions.h
include/omniORB4/internal/orbParameters.h
include/omniORB4/internal/typecode.h
include/omniORB4/internal/valueTrackerImpl.h
include/omniORB4/omniInternal.h
src/lib/omniORB/dynamic/typecode.cc
src/lib/omniORB/dynamic/valueTracker.cc
src/lib/omniORB/dynamic/valueType.cc
src/lib/omniORB/orbcore/cdrMemoryStream.cc
src/lib/omniORB/orbcore/cdrStreamAdapter.cc
src/lib/omniORB/orbcore/cdrValueChunkStream.cc
src/lib/omniORB/orbcore/giopImpl10.cc
src/lib/omniORB/orbcore/giopImpl11.cc
src/lib/omniORB/orbcore/giopImpl12.cc
src/lib/omniORB/orbcore/giopStream.cc
src/lib/omniORB/orbcore/giopStreamImpl.cc
src/lib/omniORB/orbcore/orbOptions.cc


Wed 18 Apr 18:21:21 BST 2018
============================

- Start of the omniORB 4.3 development branch.

README.FIRST.txt
ReleaseNotes.txt
configure.ac
configure
contrib/RPMs/omniORB.spec
mk/version.mk
