Fri Apr  8 18:48:37 BST 2005 dgrisby
====================================

- Accumulated updates to AT&T and ORBacus tests.

att/testsuite/GNUmakefile
att/testsuite/dir.mk
att/testsuite/update.log
att/testsuite/mk/omniorb.mk
att/testsuite/seq_tests/dir.mk
att/testsuite/seq_tests/t_string.cc
iona/orbacus/cpp/Makefile
iona/orbacus/cpp/config/Make.rules.omniorb
iona/orbacus/cpp/include/TestMacro.h
iona/orbacus/cpp/include/includes.h
iona/orbacus/cpp/main/Client.cpp
iona/orbacus/cpp/main/ClientMain.cpp
iona/orbacus/cpp/main/CollocatedMain.cpp
iona/orbacus/cpp/main/Makefile
iona/orbacus/cpp/main/ServerMain.cpp
iona/orbacus/cpp/main/TestIntfBasicDSI_impl.cpp
iona/orbacus/cpp/main/TestObjectBasic.cpp
iona/orbacus/cpp/obv/Client.cpp
iona/orbacus/cpp/obv/ClientMain.cpp
iona/orbacus/cpp/obv/Factories.cpp
iona/orbacus/cpp/obv/Factories.h
iona/orbacus/cpp/obv/Makefile
iona/orbacus/cpp/obv/Server.cpp
iona/orbacus/cpp/obv/ServerMain.cpp
iona/orbacus/cpp/obv/TestCustom_impl.cpp
iona/orbacus/cpp/obv/TestCustom_impl.h
iona/orbacus/cpp/obv/TestNode_impl.cpp
iona/orbacus/cpp/obv/TestNode_impl.h
iona/orbacus/cpp/obv/TestOBV.idl
iona/orbacus/cpp/obv/TestOBV_impl.cpp
iona/orbacus/cpp/obv/TestOBV_impl.h
iona/orbacus/cpp/obv/TestTrunc_impl.cpp
iona/orbacus/cpp/obv/TestTrunc_impl.h
iona/orbacus/cpp/obv/TestValueAI_impl.cpp
iona/orbacus/cpp/obv/TestValueAI_impl.h
iona/orbacus/cpp/obv/TestValueInterface_impl.cpp
iona/orbacus/cpp/obv/TestValueInterface_impl.h
iona/orbacus/cpp/obv/TestValue_impl.cpp
iona/orbacus/cpp/obv/TestValue_impl.h
iona/orbacus/cpp/pi/ClientMain.cpp
iona/orbacus/cpp/pi/CollocatedMain.cpp
iona/orbacus/cpp/pi/ServerMain.cpp
iona/orbacus/cpp/poa/Makefile
iona/orbacus/cpp/poa/TestActivate.cpp
iona/orbacus/cpp/poa/TestAdapterActivatorServer.cpp
iona/orbacus/cpp/poa/TestClient.cpp
iona/orbacus/cpp/poa/TestCollocated.cpp
iona/orbacus/cpp/poa/TestCreate.cpp
iona/orbacus/cpp/poa/TestDeactivate.cpp
iona/orbacus/cpp/poa/TestDefaultServantServer.cpp
iona/orbacus/cpp/poa/TestDestroy.cpp
iona/orbacus/cpp/poa/TestFind.cpp
iona/orbacus/cpp/poa/TestLocationForwardClient.cpp
iona/orbacus/cpp/poa/TestLocationForwardServer.cpp
iona/orbacus/cpp/poa/TestMisc.cpp
iona/orbacus/cpp/poa/TestMultipleOrbsClient.cpp
iona/orbacus/cpp/poa/TestMultipleOrbsServer.cpp
iona/orbacus/cpp/poa/TestPOAManagerClient.cpp
iona/orbacus/cpp/poa/TestPOAManagerServer.cpp
iona/orbacus/cpp/poa/TestRefCount.cpp
iona/orbacus/cpp/poa/TestRefCountServer.cpp
iona/orbacus/cpp/poa/TestRef_impl.cpp
iona/orbacus/cpp/poa/TestRef_impl.h
iona/orbacus/cpp/poa/TestServantActivatorServer.cpp
iona/orbacus/cpp/poa/TestServantLocatorServer.cpp
iona/orbacus/cpp/poa/runtest
iona/orbacus/cpp/types/TestAny.cpp
iona/orbacus/cpp/types/TestConst.cpp
iona/orbacus/cpp/types/TestDynAny.cpp
iona/orbacus/cpp/types/TestFixed.cpp
iona/orbacus/cpp/types/TestSequence.cpp
iona/orbacus/cpp/types/TestTypeCode.cpp
iona/orbacus/cpp/types/TestUnion.cpp



Fri Apr  8 18:22:01 BST 2005 dgrisby
====================================

- Initial import from old COST source tree.

